echo "#define PATHNAME \"/home/szokeb/Dropbox/bayes_gmm/model\"" > ../model/initialize/pathname.h
make -C ../model/libscl/gpp
make[1]: Entering directory '/home/szokeb/Dropbox/bayes_gmm/model/libscl/gpp'
make[1]: 'libscl.a' is up to date.
make[1]: Leaving directory '/home/szokeb/Dropbox/bayes_gmm/model/libscl/gpp'
/home/szokeb/.openmpi/bin/mpic++ -O2 -Wall -c -I../model/initialize -I../model/usermodel -I../model/estimator -I../model/libscl/gpp -I/home/szokeb/.openmpi/include ../model/initialize/main_mpi.cpp
/home/szokeb/.openmpi/bin/mpic++ -O2 -Wall -c -I../model/initialize -I../model/usermodel -I../model/estimator -I../model/libscl/gpp -I/home/szokeb/.openmpi/include ../model/initialize/initialize.cpp
/home/szokeb/.openmpi/bin/mpic++ -O2 -Wall -c -I../model/initialize -I../model/usermodel -I../model/estimator -I../model/libscl/gpp -I/home/szokeb/.openmpi/include ../model/estimator/mcmc_class.cpp
/home/szokeb/.openmpi/bin/mpic++ -O2 -Wall -c -I../model/initialize -I../model/usermodel -I../model/estimator -I../model/libscl/gpp -I/home/szokeb/.openmpi/include ../model/estimator/proposal.cpp
/home/szokeb/.openmpi/bin/mpic++ -O2 -Wall -c -I../model/initialize -I../model/usermodel -I../model/estimator -I../model/libscl/gpp -I/home/szokeb/.openmpi/include ../model/estimator/asymptotics.cpp
/home/szokeb/.openmpi/bin/mpic++ -O2 -Wall -c -I../model/initialize -I../model/usermodel -I../model/estimator -I../model/libscl/gpp -I/home/szokeb/.openmpi/include ../model/usermodel/usermodel.cpp
/home/szokeb/.openmpi/bin/mpic++ -O2 -Wall -c -I../model/initialize -I../model/usermodel -I../model/estimator -I../model/libscl/gpp -I/home/szokeb/.openmpi/include ../model/usermodel/sv_moments.cpp
/home/szokeb/.openmpi/bin/mpic++ -O2 -Wall -c -I../model/initialize -I../model/usermodel -I../model/estimator -I../model/libscl/gpp -I/home/szokeb/.openmpi/include ../model/usermodel/sv_model.cpp
/home/szokeb/.openmpi/bin/mpic++ -o bayes_gmm_mpi main_mpi.o initialize.o mcmc_class.o proposal.o asymptotics.o usermodel.o sv_moments.o sv_model.o -L/home/szokeb/.openmpi/lib -L../model/libscl/gpp -lscl -lm
rm -f *.o core core.*


     **********************************************************************
     *                                                                    *
     *              Begin usermodel_class constructor output              *
     *                                                                    *
     **********************************************************************

	 PWD in pathname.h is:/home/szokeb/Dropbox/bayes_gmm/model/


     **********************************************************************
     *                                                                    *
     *              Begin usermodel_class constructor output              *
     *                                                                    *
     **********************************************************************

	 PWD in pathname.h is:/home/szokeb/Dropbox/bayes_gmm/model/

	 moment_cond, gmm_objfun, and sv_model successfully instantiated

	        len_theta = 4
	        len_stats = 1
	          lag_gmm = 1
	      lag_hac_gmm = 1

	                N = 500
	        len_simul = 1000
	  particle_update = 20

	 draws, smooth, filter successfully instantiated with size 500


     **********************************************************************
     *                                                                    *
     *               End usermodel_class constructor output               *
     *                                                                    *
     **********************************************************************



     **********************************************************************
     *                                                                    *
     *              Begin usermodel_class constructor output              *
     *                                                                    *
     **********************************************************************

	 PWD in pathname.h is:/home/szokeb/Dropbox/bayes_gmm/model/
	 moment_cond, gmm_objfun, and sv_model successfully instantiated


	        len_theta = 4
	        len_stats = 1
	          lag_gmm = 1
	      lag_hac_gmm = 1
	                N = 500
	        len_simul = 1000
	  particle_update = 20

	 draws, smooth, filter successfully instantiated with size 500


     **********************************************************************
     *                                                                    *
     *               End usermodel_class constructor output               *
     *                                                                    *
     **********************************************************************

	 moment_cond, gmm_objfun, and sv_model successfully instantiated

	        len_theta = 4
	        len_stats = 1
	          lag_gmm = 1
	      lag_hac_gmm = 1
	                N = 500
	        len_simul = 1000
	  particle_update = 20

	 draws, smooth, filter successfully instantiated with size 500


     **********************************************************************
     *                                                                    *
     *               End usermodel_class constructor output               *
     *                                                                    *
     **********************************************************************

Process 2 has finished
Process 3 has finished
Process 1 has finished
